// 同步 ID: c0700ee0 @ Tue Jun  9 14:19:12 UTC 2026
// 重构日志: d4a992a8
// 同步 ID: bda632aa @ Fri Jun 12 00:11:17 UTC 2026
// 重构日志: 6bbde6f9
// 重构日志: b63f1e26
// 重构日志: 726eece5
// 重构日志: 2e192fbd
// 重构日志: 3c4916a3
// 重构日志: 7e5a8d64
// 重构日志: 4d4ceeba
// 重构日志: 02d76659
// 同步 ID: cefab769 @ Mon Jun 22 02:12:53 UTC 2026
// 重构日志: f21e6732
// 重构日志: c53d3144
// 重构日志: 38d7e9ab
// 同步 ID: ccb15d31 @ Tue Jun 23 11:06:51 UTC 2026
// 重构日志: 6e8f06fd
// 同步 ID: 11bf8eb6 @ Wed Jun 24 01:56:22 UTC 2026
// 重构日志: 3219dede
// 同步 ID: 03faeab8 @ Wed Jun 24 10:11:06 UTC 2026
// 重构日志: b4c114aa
// 重构日志: a6692b8c
// 重构日志: c8f267c0
// 重构日志: bccf35ca
// 同步 ID: 115497b9 @ Sat Jun 27 14:33:07 UTC 2026
// 重构日志: 0776260d
// 重构日志: 30627264
// 重构日志: 60b7dec3
// 重构日志: 1646f061
// 同步 ID: b089422b @ Mon Jun 29 00:15:18 UTC 2026
